<?xml version="1.0" encoding="UTF-8"?>
<!-- Generated by org.testng.reporters.JUnitReportReporter -->
<testsuite hostname="MyComputer" failures="0" tests="1" name="testcases.ValidateDeleteCustomer" time="13.592" errors="0" timestamp="2019-12-15T20:07:04 EST" skipped="0">
  <testcase classname="testcases.ValidateDeleteCustomer" name="Enterdcustid" time="13.592"/>
</testsuite> <!-- testcases.ValidateDeleteCustomer -->
