<?xml version="1.0" encoding="UTF-8"?>
<!-- Generated by org.testng.reporters.JUnitReportReporter -->
<testsuite skipped="0" hostname="MyComputer" name="testcases.AddNewCustomer" tests="1" failures="0" timestamp="2019-12-07T13:22:47 EST" time="21.746" errors="0">
  <testcase name="Enterdcustdetails" time="21.746" classname="testcases.AddNewCustomer"/>
</testsuite> <!-- testcases.AddNewCustomer -->
