<?xml version="1.0" encoding="UTF-8"?>
<!-- Generated by org.testng.reporters.JUnitReportReporter -->
<testsuite skipped="0" hostname="MyComputer" name="testcases.ValidateDeleteCustomer" tests="1" failures="0" timestamp="2019-12-07T13:22:47 EST" time="16.581" errors="0">
  <testcase name="Enterdcustid" time="16.581" classname="testcases.ValidateDeleteCustomer"/>
</testsuite> <!-- testcases.ValidateDeleteCustomer -->
